<?xml version="1.0" encoding="UTF-8"?>
<!-- Generated by org.testng.reporters.JUnitXMLReporter -->
<testsuite ignored="0" hostname="DESKTOP-5BKKI8L" failures="0" tests="8" name="Surefire test" time="109.479" errors="0" timestamp="2024-05-03T00:25:36 PDT">
  <testcase classname="com.allianz.test.AddEmployeeTest" name="addEmployeeTest" time="14.23"/>
  <testcase classname="com.allianz.test.AddEmployeeTest" name="uploadInvalidPictureTest" time="8.278"/>
  <testcase classname="com.allianz.test.LoginTest" name="invalidLoginTest" time="2.497"/>
  <testcase classname="com.allianz.test.LoginTest" name="invalidLoginTest" time="3.165"/>
  <testcase classname="com.allianz.test.LoginTest" name="validLoginTest" time="4.169"/>
  <testcase classname="com.allianz.test.LoginTest" name="validLoginTest" time="3.951"/>
  <testcase classname="com.allianz.test.LoginUITest" name="getVersionTest" time="1.147"/>
  <testcase classname="com.allianz.test.LoginUITest" name="titleTest" time="0.019"/>
</testsuite> <!-- Surefire test -->
