<?xml version="1.0" encoding="UTF-8"?>
<!-- Generated by org.testng.reporters.JUnitXMLReporter -->
<testsuite ignored="1" hostname="DESKTOP-5BKKI8L" failures="0" tests="2" name="Default test" time="21.962" errors="0" timestamp="2024-04-16T00:18:44 PDT">
  <testcase classname="com.allianz.test.LoginTest" name="invalidLoginTest" time="2.962"/>
  <testcase classname="com.allianz.test.LoginTest" name="invalidLoginTest" time="3.061"/>
  <testcase classname="com.allianz.test.LoginTest" name="validLoginTest" time="0.0">
    <ignored/>
  </testcase> <!-- validLoginTest -->
</testsuite> <!-- Default test -->
