<?xml version="1.0" encoding="UTF-8"?>
<testng-results ignored="0" total="1" passed="1" failed="0" skipped="0">
  <reporter-output>
  </reporter-output>
  <suite started-at="2024-04-17T23:22:28 PDT" name="Default suite" finished-at="2024-04-17T23:22:55 PDT" duration-ms="26511">
    <groups>
    </groups>
    <test started-at="2024-04-17T23:22:28 PDT" name="Default test" finished-at="2024-04-17T23:22:55 PDT" duration-ms="26511">
      <class name="com.allianz.test.AddEmployeeTest">
        <test-method is-config="true" signature="launchBrowser()[pri:0, instance:com.allianz.test.AddEmployeeTest@2d710f1a]" started-at="2024-04-17T23:22:28 PDT" name="launchBrowser" finished-at="2024-04-17T23:22:38 PDT" duration-ms="10106" status="PASS">
          <reporter-output>
          </reporter-output>
        </test-method> <!-- launchBrowser -->
        <test-method signature="uploadInvalidPictureTest()[pri:0, instance:com.allianz.test.AddEmployeeTest@2d710f1a]" started-at="2024-04-17T23:22:38 PDT" name="uploadInvalidPictureTest" finished-at="2024-04-17T23:22:54 PDT" duration-ms="15973" status="PASS">
          <reporter-output>
          </reporter-output>
        </test-method> <!-- uploadInvalidPictureTest -->
        <test-method is-config="true" signature="tearDown()[pri:0, instance:com.allianz.test.AddEmployeeTest@2d710f1a]" started-at="2024-04-17T23:22:54 PDT" name="tearDown" finished-at="2024-04-17T23:22:55 PDT" duration-ms="327" status="PASS">
          <reporter-output>
          </reporter-output>
        </test-method> <!-- tearDown -->
      </class> <!-- com.allianz.test.AddEmployeeTest -->
    </test> <!-- Default test -->
  </suite> <!-- Default suite -->
</testng-results>
