<?xml version="1.0" encoding="UTF-8"?>
<testng-results ignored="0" total="1" passed="1" failed="0" skipped="0">
  <reporter-output>
  </reporter-output>
  <suite started-at="2024-04-29T04:36:07 PDT" name="Default suite" finished-at="2024-04-29T04:36:34 PDT" duration-ms="27649">
    <groups>
    </groups>
    <test started-at="2024-04-29T04:36:07 PDT" name="Default test" finished-at="2024-04-29T04:36:34 PDT" duration-ms="27649">
      <class name="com.allianz.test.AddEmployeeTest">
        <test-method is-config="true" signature="launchBrowser()[pri:0, instance:com.allianz.test.AddEmployeeTest@3f6f6701]" started-at="2024-04-29T04:36:09 PDT" name="launchBrowser" finished-at="2024-04-29T04:36:19 PDT" duration-ms="10206" status="PASS">
          <reporter-output>
          </reporter-output>
        </test-method> <!-- launchBrowser -->
        <test-method signature="addEmployeeTest(java.lang.String,java.lang.String)[pri:0, instance:com.allianz.test.AddEmployeeTest@3f6f6701]" started-at="2024-04-29T04:36:19 PDT" name="addEmployeeTest" data-provider="commonDataProvider" finished-at="2024-04-29T04:36:34 PDT" duration-ms="14834" status="PASS">
          <params>
            <param index="0">
              <value>
                <![CDATA[admin]]>
              </value>
            </param>
            <param index="1">
              <value>
                <![CDATA[admin123]]>
              </value>
            </param>
          </params>
          <reporter-output>
          </reporter-output>
        </test-method> <!-- addEmployeeTest -->
      </class> <!-- com.allianz.test.AddEmployeeTest -->
    </test> <!-- Default test -->
  </suite> <!-- Default suite -->
</testng-results>
